A:A0,D31,E2,F-13,G-19,I21,N-13,O-41,P-67,S23,U29,V-12,W24,X-8
AA:AA0,E-17,F-32,G-38,H-32,K0,L-10,M9,N1,O33,Q-36,S-5,V30,W34
B:B0,C5,E2,F-13,G-19,H27,J46,K-29,L9,Q-17,R13,T23,U13,V38,W-12,Y-18,Z-16
C:C0,Y-23
D:A-19,AA-10,D0,E25,F-42,G-48,H-42,K-10,L-20,M-1,N-9,O-18,P-44,Q-46,S-15,V20,W24,X15
E:AA-37,E0,F-69,G-75,H-69,K-37,L-47,M-28,N-36,O-4,Q-73,S-42,V-7,W-3
F:E15,F0,G-6
G:A-47,AA-11,B25,C37,D26,E-3,F-99,G0,H-99,I4,J32,K2,L-21,M-2,N-13,O-46,P-72,Q17,R31,S-16,U17,V6,W6,X-13,Y14,Z2
H:E-25,F-40,G-46,H0,J36,L-18,Q-44,R3,T-4,U-14,V11,W-22,Y-8,Z-36
I:A-63,D10,E-19,F-34,G-40,I0,N-34,O-62,P-88,S2,U8,V-33,W3,X-29
J:C5,J0,K5,S2,Y-18
K:A-49,AA-13,B23,C35,D24,E-5,F-99,G-99,H-99,J30,K0,L-23,M-4,N-12,O-48,P-74,Q15,R29,S-18,U15,V4,W4,X-15,Y12,Z0
L:E-7,F-22,G-28,H-22,L0,Q-26
M:G0,M0,S-14,V21,W25
N:A-29,D44,E15,F0,G-6,I17,N0,O-28,P-54,S36,V24,X5
O:A-1,E43,F28,G22,O0,P-26
P:AA-78,E-41,F-99,G-99,H-99,K-78,L-88,M-69,N-77,O-45,P0,Q-99,S-83,V-48,W-44
Q:AA-63,E-26,F-99,G-99,H-99,J52,K-63,L-73,M-54,N-62,O-30,P15,Q0,R19,S-68,V-33,W-29,Z-20
R:J33,Q-14,R0,W-25,Z-39
S:A-17,B-7,C-7,D56,E27,F12,G6,I29,J-12,K-43,M8,N12,O-16,P-42,Q-15,R-1,S0,U0,V29,W-26,X17,Y-30,Z-30
T:H-24,J40,Q-7,R7,T0,U-10,V15,W-18,Y-4,Z-32
U:A-64,AA-28,D9,E-20,F-99,G-99,H-99,J87,K-28,L-38,M-19,N-27,O-63,P-89,Q35,R54,S-33,U0,V-11,W0,X-30,Z15
V:A-35,AA-55,D38,E-18,F-99,G-99,H-99,J60,K-55,L-65,M-46,N-54,O-34,P-60,Q8,R27,S-60,V0,W-21,X-1,Z-12
W:A-64,D9,E-20,F-35,G-41,N-21,O-63,P-89,U5,V-11,W0,X-30
X:A-34,D39,E10,F-5,G-11,N9,O-33,P-59,V19,X0
Y:E-35,F-50,G-56,H-50,J59,L-28,P-17,Q-54,R26,T19,U9,V34,W1,Y0,Z-13
Z:B23,J62,K-13,Q15,R29,W4,Y17,Z0
-----
A:A0,AA-99,B6,C16,D-11,E-99,F-99,G-99,H-99,I21,J11,K-99,L-99,M-99,N-99,O-58,P-99,Q-99,R12,S-99,U-13,V-99,W-99,X-25,Y-7,Z-24
AA:A-85,AA0,B-13,C-12,D-12,E-62,F-99,G-99,H-99,I-34,J-17,K-99,L-35,M-90,N-98,O-84,P-99,Q-90,R-29,S-99,T-36,U-46,V-69,W-65,X-51,Y-40,Z-68
B:A-78,AA-99,B0,C5,D-5,E-53,F-99,G-99,H-99,I-15,J1,K-99,L-74,M-71,N-99,O-77,P-99,Q-72,R-10,S-99,T-17,U-27,V-50,W-46,X-44,Y-21,Z-49
C:C0,E-58,F-73,G-79,H-73,J36,L-51,P-40,Q-77,R3,T-4,U-14,V11,W-22,Y-23,Z-36
D:A-99,AA-99,B-23,C-22,D0,E-99,F-99,G-99,H-99,I-44,J-27,K-99,L-99,M-99,N-99,O-99,P-99,Q-99,R-39,S-99,T-46,U-56,V-99,W-99,X-61,Y-50,Z-99
E:A-99,AA-37,B-50,C-49,D-49,E0,F-99,G-99,H-99,I-71,J-54,K-99,L-72,M-99,N-99,O-99,P-99,Q-99,R-66,S-99,T-73,U-83,V-99,W-99,X-88,Y-77,Z-99
F:A-53,AA-22,B19,C31,D20,E-9,F0,G-60,H-99,I-2,J26,K-22,L-32,M-13,N-21,O-52,P-78,Q-58,R25,S-27,U11,V0,W0,X-19,Y8,Z-4
G:A-99,AA-99,B-24,C-23,D-23,E-99,F-99,G0,H-99,I-99,J-28,K-99,L-99,M-99,N-99,O-99,P-99,Q-99,R-99,S-99,T-99,U-13,V-99,W-99,X-99,Y-99,Z-99
H:A-93,AA-99,B-21,C-9,D-20,E-70,F-99,G-99,H0,I-42,J-14,K-99,L-84,M-98,N-99,O-92,P-99,Q-98,R-37,S-99,T-44,U-54,V-77,W-73,X-59,Y-48,Z-76
I:A-87,AA-99,B-15,C-5,D-32,E-99,F-99,G-99,H-99,I0,J-10,K-99,L-99,M-99,N-99,O-79,P-99,Q-99,R-9,S-99,U-34,V-99,W-99,X-46,Y-28,Z-45
J:A-44,AA-8,B-5,C-5,D29,E-53,F-99,G-99,H-99,I31,J0,K-41,L-46,M1,N-7,O-43,P-69,Q-72,R1,S-13,T1,U-9,V9,W-24,X-10,Y-28,Z-31
K:A-99,AA-99,B-26,C-25,D-25,E-99,F-99,G-99,H-99,I-99,J-30,K0,L-99,M-99,N-99,O-99,P-99,Q-99,R-99,S-99,T-99,U2,V-99,W-99,X-99,Y-99,Z-99
L:A-75,AA-89,B-3,C9,D-2,E-52,F-99,G-99,H-99,I-24,J4,K-89,L0,M-80,N-88,O-74,P-99,Q-80,R-19,S-94,T-26,U-36,V-59,W-55,X-41,Y-30,Z-58
M:A-47,AA-34,B-21,C-21,D26,E-3,F-99,G-99,H-99,I4,J-26,K-57,L-44,M0,N-33,O-46,P-72,Q-29,R-15,S-39,U-14,V6,W-40,X-13,Y-44,Z-44
N:A-53,AA-99,B19,C29,D2,E-99,F-99,G-99,H-99,I-8,J24,K-99,L-99,M-99,N0,O-45,P-99,Q-99,R25,S-99,U0,V-99,W-99,X-12,Y6,Z-4
O:A-25,AA-99,B47,C59,D30,E-67,F-99,G-99,H-99,I20,J54,K-99,L-99,M-95,N-99,O0,P-68,Q-99,R53,S-99,U28,V-74,W-70,X-9,Y36,Z24
P:A-99,AA-78,B-91,C-90,D-90,E-41,F-99,G-99,H-99,I-99,J-95,K-99,L-99,M-99,N-99,O-99,P0,Q-99,R-99,S-99,T-99,U-99,V-99,W-99,X-99,Y-99,Z-99
Q:A-99,AA-63,B-76,C-75,D-75,E-26,F-99,G-99,H-99,I-99,J-80,K-99,L-99,M-99,N-99,O-99,P-99,Q0,R-99,S-99,T-99,U-99,V-99,W-99,X-99,Y-99,Z-99
R:A-89,AA-77,B-16,C38,D-16,E-45,F-99,G-99,H-99,J23,K-77,L-87,M-68,N-76,O-88,P-99,Q-24,R0,S-82,U-20,V-47,W-43,X-55,Y-22,Z-39
S:A-92,AA-99,B-20,C-17,D-19,E-99,F-99,G-99,H-99,I4,J-18,K-99,L-99,M-99,N-77,O-91,P-99,Q-99,R-14,S0,T-11,U-28,V-99,W-99,X-58,Y-40,Z-43
T:A-82,AA-70,B-9,C45,D-9,E-49,F-99,G-99,H-99,J12,K-70,L-80,M-61,N-69,O-81,P-99,Q-68,R-21,S-75,T0,U-38,V-40,W-46,X-48,Y-32,Z-60
U:A-99,AA-99,B-41,C-40,D-40,E-99,F-99,G-99,H-99,I-99,J-45,K-99,L-99,M-99,N-99,O-99,P-99,Q-99,R-99,S-99,T-99,U0,V-99,W-99,X-99,Y-99,Z-99
V:A-99,AA-99,B-68,C-67,D-67,E-99,F-99,G-99,H-99,I-99,J-72,K-99,L-99,M-99,N-99,O-99,P-99,Q-99,R-99,S-99,T-99,U-99,V0,W-99,X-99,Y-99,Z-99
W:A-88,AA-99,B-16,C-4,D-33,E-99,F-99,G-99,H-99,I-43,J-9,K-99,L-99,M-99,N-99,O-63,P-99,Q-99,R-10,S-99,U-35,V-99,W0,X-30,Y-27,Z-39
X:A-58,AA-99,B14,C26,D-3,E-99,F-99,G-99,H-99,I-13,J21,K-99,L-99,M-99,N-99,O-33,P-99,Q-99,R20,S-99,U-5,V-99,W-99,X0,Y3,Z-9
Y:A-99,AA-99,B-31,C-19,D-30,E-80,F-99,G-99,H-99,I-52,J-24,K-99,L-99,M-99,N-99,O-99,P-99,Q-99,R-47,S-99,T-54,U-64,V-87,W-83,X-69,Y0,Z-86
Z:A-62,AA-48,B10,C22,D11,E-18,F-99,G-99,H-99,J17,K-48,L-58,M-39,N-47,O-61,P-99,Q-37,R16,S-53,T36,U2,V-18,W-14,X-28,Y-1,Z0
-----
A:A0,AA-99,B-99,C-99,D-99,E-99,F-99,G-99,H-99,I21,J-99,K-99,L-99,M-99,N-99,O-99,P-99,Q-99,R-99,S-99,T-99,U-99,V-99,W-99,X-99,Y-99,Z-99
AA:A-99,AA0,B-99,C-99,D-99,E-99,F-99,G-99,H-99,I-99,J-99,K-99,L-99,M-99,N-99,O-99,P-99,Q-99,R-99,S-99,T-99,U-99,V-99,W-99,X-99,Y-99,Z-99
B:A-99,AA-99,B0,C-99,D-99,E-99,F-99,G-99,H-99,I-99,J-99,K-99,L-99,M-99,N-99,O-99,P-99,Q-99,R-99,S-99,T-99,U-99,V-99,W-99,X-99,Y-99,Z-99
C:A-99,AA-99,B-54,C0,D-53,E-99,F-99,G-99,H-99,I-75,J-47,K-99,L-99,M-99,N-99,O-99,P-99,Q-99,R-70,S-99,T-77,U-87,V-99,W-99,X-92,Y-23,Z-99
D:A-99,AA-99,B-99,C-99,D0,E-99,F-99,G-99,H-99,I-99,J-99,K-99,L-99,M-99,N-99,O-99,P-99,Q-99,R-99,S-99,T-99,U-99,V-99,W-99,X-99,Y-99,Z-99
E:A-99,AA-37,B-99,C-99,D-99,E0,F-99,G-99,H-99,I-99,J-99,K-99,L-99,M-99,N-99,O-99,P-99,Q-99,R-99,S-99,T-99,U-99,V-99,W-99,X-99,Y-99,Z-99
F:A-99,AA-99,B-35,C-34,D-34,E-99,F0,G-99,H-99,I-99,J-39,K-99,L-99,M-99,N-99,O-99,P-99,Q-99,R-99,S-99,T-99,U-68,V-99,W-99,X-99,Y-99,Z-99
G:A-99,AA-99,B-99,C-99,D-99,E-99,F-99,G0,H-99,I-99,J-99,K-99,L-99,M-99,N-99,O-99,P-99,Q-99,R-99,S-99,T-99,U-99,V-99,W-99,X-99,Y-99,Z-99
H:A-99,AA-99,B-99,C-99,D-99,E-99,F-99,G-99,H0,I-99,J-99,K-99,L-99,M-99,N-99,O-99,P-99,Q-99,R-99,S-99,T-99,U-99,V-99,W-99,X-99,Y-99,Z-99
I:A-99,AA-99,B-99,C-99,D-99,E-99,F-99,G-99,H-99,I0,J-99,K-99,L-99,M-99,N-99,O-99,P-99,Q-99,R-99,S-99,T-99,U-99,V-99,W-99,X-99,Y-99,Z-99
J:A-99,AA-99,B-49,C-20,D-48,E-99,F-99,G-99,H-99,I-99,J0,K-99,L-99,M-99,N-99,O-99,P-99,Q-99,R-99,S-99,T-99,U-82,V-99,W-99,X-99,Y-99,Z-99
K:A-99,AA-99,B-99,C-99,D-99,E-99,F-99,G-99,H-99,I-99,J-99,K0,L-99,M-99,N-99,O-99,P-99,Q-99,R-99,S-99,T-99,U-99,V-99,W-99,X-99,Y-99,Z-99
L:A-99,AA-99,B-99,C-99,D-99,E-99,F-99,G-99,H-99,I-99,J-99,K-99,L0,M-99,N-99,O-99,P-99,Q-99,R-99,S-99,T-99,U-99,V-99,W-99,X-99,Y-99,Z-99
M:A-99,AA-99,B-47,C-46,D-46,E-99,F-99,G-99,H-99,I-99,J-51,K-99,L-99,M0,N-99,O-99,P-99,Q-99,R-99,S-99,T-99,U-99,V-99,W-99,X-99,Y-99,Z-99
N:A-99,AA-99,B-99,C-99,D-99,E-99,F-99,G-99,H-99,I-99,J-99,K-99,L-99,M-99,N0,O-99,P-99,Q-99,R-99,S-99,T-99,U-99,V-99,W-99,X-29,Y-99,Z-99
O:A-99,AA-99,B-99,C-99,D-99,E-99,F-99,G-99,H-99,I-99,J-99,K-99,L-99,M-99,N-99,O0,P-99,Q-99,R-99,S-99,T-99,U-99,V-99,W-99,X-99,Y-99,Z-99
P:A-99,AA-99,B-99,C-99,D-99,E-75,F-99,G-99,H-99,I-99,J-99,K-99,L-99,M-99,N-99,O-99,P0,Q-99,R-99,S-99,T-99,U-99,V-99,W-99,X-99,Y-99,Z-99
Q:A-99,AA-99,B-99,C-99,D-99,E-99,F-99,G-99,H-99,I-99,J-99,K-99,L-99,M-99,N-99,O-99,P-99,Q0,R-99,S-99,T-99,U-99,V-99,W-99,X-99,Y-99,Z-99
R:A-99,AA-99,B-90,C-89,D-89,E-99,F-99,G-99,H-99,I-99,J-94,K-99,L-99,M-99,N-99,O-99,P-99,Q-99,R0,S-99,T-99,U-99,V-99,W-99,X-99,Y-99,Z-99
S:A-99,AA-99,B-99,C-99,D-99,E-99,F-99,G-99,H-99,I-99,J-99,K-99,L-99,M-99,N-99,O-99,P-99,Q-99,R-99,S0,T-99,U-99,V-99,W-99,X-99,Y-99,Z-99
T:A-99,AA-99,B-83,C-82,D-82,E-99,F-99,G-99,H-99,I-99,J-87,K-99,L-99,M-99,N-99,O-99,P-99,Q-99,R-99,S-99,T0,U-99,V-99,W-99,X-99,Y-99,Z-99
U:A-99,AA-99,B-99,C-99,D-99,E-99,F-99,G-99,H-99,I-99,J-99,K-99,L-99,M-99,N-99,O-99,P-99,Q-99,R-99,S-99,T-99,U0,V-99,W-99,X-99,Y-99,Z-99
V:A-99,AA-99,B-99,C-99,D-99,E-99,F-99,G-99,H-99,I-99,J-99,K-99,L-99,M-99,N-99,O-99,P-99,Q-99,R-99,S-99,T-99,U-99,V0,W-99,X-99,Y-99,Z-99
W:A-99,AA-99,B-99,C-99,D-99,E-99,F-99,G-99,H-99,I-99,J-99,K-99,L-99,M-99,N-99,O-99,P-99,Q-99,R-99,S-99,T-99,U-99,V-99,W0,X-99,Y-99,Z-99
X:A-99,AA-99,B-99,C-99,D-99,E-99,F-99,G-99,H-99,I-99,J-99,K-99,L-99,M-99,N-99,O-99,P-99,Q-99,R-99,S-99,T-99,U-99,V-99,W-99,X0,Y-99,Z-99
Y:A-99,AA-99,B-99,C-99,D-99,E-99,F-99,G-99,H-99,I-99,J-99,K-99,L-99,M-99,N-99,O-99,P-99,Q-99,R-99,S-99,T-99,U-99,V-99,W-99,X-99,Y0,Z-99
Z:A-99,AA-99,B-61,C-60,D-60,E-99,F-99,G-99,H-99,I-99,J-65,K-99,L-99,M-99,N-99,O-99,P-99,Q-99,R-99,S-99,T-99,U-99,V-99,W-99,X-99,Y-99,Z0
-----
A:A0,AA-99,B-99,C-99,D-99,E-99,F-99,G-99,H-99,I21,J-99,K-99,L-99,M-99,N-99,O-99,P-99,Q-99,R-99,S-99,T-99,U-99,V-99,W-99,X-99,Y-99,Z-99
AA:A-99,AA0,B-99,C-99,D-99,E-99,F-99,G-99,H-99,I-99,J-99,K-99,L-99,M-99,N-99,O-99,P-99,Q-99,R-99,S-99,T-99,U-99,V-99,W-99,X-99,Y-99,Z-99
B:A-99,AA-99,B0,C-99,D-99,E-99,F-99,G-99,H-99,I-99,J-99,K-99,L-99,M-99,N-99,O-99,P-99,Q-99,R-99,S-99,T-99,U-99,V-99,W-99,X-99,Y-99,Z-99
C:A-99,AA-99,B-99,C0,D-99,E-99,F-99,G-99,H-99,I-99,J-99,K-99,L-99,M-99,N-99,O-99,P-99,Q-99,R-99,S-99,T-99,U-99,V-99,W-99,X-99,Y-23,Z-99
D:A-99,AA-99,B-99,C-99,D0,E-99,F-99,G-99,H-99,I-99,J-99,K-99,L-99,M-99,N-99,O-99,P-99,Q-99,R-99,S-99,T-99,U-99,V-99,W-99,X-99,Y-99,Z-99
E:A-99,AA-37,B-99,C-99,D-99,E0,F-99,G-99,H-99,I-99,J-99,K-99,L-99,M-99,N-99,O-99,P-99,Q-99,R-99,S-99,T-99,U-99,V-99,W-99,X-99,Y-99,Z-99
F:A-99,AA-99,B-99,C-99,D-99,E-99,F0,G-99,H-99,I-99,J-99,K-99,L-99,M-99,N-99,O-99,P-99,Q-99,R-99,S-99,T-99,U-99,V-99,W-99,X-99,Y-99,Z-99
G:A-99,AA-99,B-99,C-99,D-99,E-99,F-99,G0,H-99,I-99,J-99,K-99,L-99,M-99,N-99,O-99,P-99,Q-99,R-99,S-99,T-99,U-99,V-99,W-99,X-99,Y-99,Z-99
H:A-99,AA-99,B-99,C-99,D-99,E-99,F-99,G-99,H0,I-99,J-99,K-99,L-99,M-99,N-99,O-99,P-99,Q-99,R-99,S-99,T-99,U-99,V-99,W-99,X-99,Y-99,Z-99
I:A-99,AA-99,B-99,C-99,D-99,E-99,F-99,G-99,H-99,I0,J-99,K-99,L-99,M-99,N-99,O-99,P-99,Q-99,R-99,S-99,T-99,U-99,V-99,W-99,X-99,Y-99,Z-99
J:A-99,AA-99,B-99,C-99,D-99,E-99,F-99,G-99,H-99,I-99,J0,K-99,L-99,M-99,N-99,O-99,P-99,Q-99,R-99,S-99,T-99,U-99,V-99,W-99,X-99,Y-99,Z-99
K:A-99,AA-99,B-99,C-99,D-99,E-99,F-99,G-99,H-99,I-99,J-99,K0,L-99,M-99,N-99,O-99,P-99,Q-99,R-99,S-99,T-99,U-99,V-99,W-99,X-99,Y-99,Z-99
L:A-99,AA-99,B-99,C-99,D-99,E-99,F-99,G-99,H-99,I-99,J-99,K-99,L0,M-99,N-99,O-99,P-99,Q-99,R-99,S-99,T-99,U-99,V-99,W-99,X-99,Y-99,Z-99
M:A-99,AA-99,B-99,C-99,D-99,E-99,F-99,G-99,H-99,I-99,J-99,K-99,L-99,M0,N-99,O-99,P-99,Q-99,R-99,S-99,T-99,U-99,V-99,W-99,X-99,Y-99,Z-99
N:A-99,AA-99,B-99,C-99,D-99,E-99,F-99,G-99,H-99,I-99,J-99,K-99,L-99,M-99,N0,O-99,P-99,Q-99,R-99,S-99,T-99,U-99,V-99,W-99,X-99,Y-99,Z-99
O:A-99,AA-99,B-99,C-99,D-99,E-99,F-99,G-99,H-99,I-99,J-99,K-99,L-99,M-99,N-99,O0,P-99,Q-99,R-99,S-99,T-99,U-99,V-99,W-99,X-99,Y-99,Z-99
P:A-99,AA-99,B-99,C-99,D-99,E-99,F-99,G-99,H-99,I-99,J-99,K-99,L-99,M-99,N-99,O-99,P0,Q-99,R-99,S-99,T-99,U-99,V-99,W-99,X-99,Y-99,Z-99
Q:A-99,AA-99,B-99,C-99,D-99,E-99,F-99,G-99,H-99,I-99,J-99,K-99,L-99,M-99,N-99,O-99,P-99,Q0,R-99,S-99,T-99,U-99,V-99,W-99,X-99,Y-99,Z-99
R:A-99,AA-99,B-99,C-99,D-99,E-99,F-99,G-99,H-99,I-99,J-99,K-99,L-99,M-99,N-99,O-99,P-99,Q-99,R0,S-99,T-99,U-99,V-99,W-99,X-99,Y-99,Z-99
S:A-99,AA-99,B-99,C-99,D-99,E-99,F-99,G-99,H-99,I-99,J-99,K-99,L-99,M-99,N-99,O-99,P-99,Q-99,R-99,S0,T-99,U-99,V-99,W-99,X-99,Y-99,Z-99
T:A-99,AA-99,B-99,C-99,D-99,E-99,F-99,G-99,H-99,I-99,J-99,K-99,L-99,M-99,N-99,O-99,P-99,Q-99,R-99,S-99,T0,U-99,V-99,W-99,X-99,Y-99,Z-99
U:A-99,AA-99,B-99,C-99,D-99,E-99,F-99,G-99,H-99,I-99,J-99,K-99,L-99,M-99,N-99,O-99,P-99,Q-99,R-99,S-99,T-99,U0,V-99,W-99,X-99,Y-99,Z-99
V:A-99,AA-99,B-99,C-99,D-99,E-99,F-99,G-99,H-99,I-99,J-99,K-99,L-99,M-99,N-99,O-99,P-99,Q-99,R-99,S-99,T-99,U-99,V0,W-99,X-99,Y-99,Z-99
W:A-99,AA-99,B-99,C-99,D-99,E-99,F-99,G-99,H-99,I-99,J-99,K-99,L-99,M-99,N-99,O-99,P-99,Q-99,R-99,S-99,T-99,U-99,V-99,W0,X-99,Y-99,Z-99
X:A-99,AA-99,B-99,C-99,D-99,E-99,F-99,G-99,H-99,I-99,J-99,K-99,L-99,M-99,N-99,O-99,P-99,Q-99,R-99,S-99,T-99,U-99,V-99,W-99,X0,Y-99,Z-99
Y:A-99,AA-99,B-99,C-99,D-99,E-99,F-99,G-99,H-99,I-99,J-99,K-99,L-99,M-99,N-99,O-99,P-99,Q-99,R-99,S-99,T-99,U-99,V-99,W-99,X-99,Y0,Z-99
Z:A-99,AA-99,B-99,C-99,D-99,E-99,F-99,G-99,H-99,I-99,J-99,K-99,L-99,M-99,N-99,O-99,P-99,Q-99,R-99,S-99,T-99,U-99,V-99,W-99,X-99,Y-99,Z0
-----
A:A0,AA-99,B-99,C-99,D-99,E-99,F-99,G-99,H-99,I21,J-99,K-99,L-99,M-99,N-99,O-99,P-99,Q-99,R-99,S-99,T-99,U-99,V-99,W-99,X-99,Y-99,Z-99
AA:A-99,AA0,B-99,C-99,D-99,E-99,F-99,G-99,H-99,I-99,J-99,K-99,L-99,M-99,N-99,O-99,P-99,Q-99,R-99,S-99,T-99,U-99,V-99,W-99,X-99,Y-99,Z-99
B:A-99,AA-99,B0,C-99,D-99,E-99,F-99,G-99,H-99,I-99,J-99,K-99,L-99,M-99,N-99,O-99,P-99,Q-99,R-99,S-99,T-99,U-99,V-99,W-99,X-99,Y-99,Z-99
C:A-99,AA-99,B-99,C0,D-99,E-99,F-99,G-99,H-99,I-99,J-99,K-99,L-99,M-99,N-99,O-99,P-99,Q-99,R-99,S-99,T-99,U-99,V-99,W-99,X-99,Y-23,Z-99
D:A-99,AA-99,B-99,C-99,D0,E-99,F-99,G-99,H-99,I-99,J-99,K-99,L-99,M-99,N-99,O-99,P-99,Q-99,R-99,S-99,T-99,U-99,V-99,W-99,X-99,Y-99,Z-99
E:A-99,AA-37,B-99,C-99,D-99,E0,F-99,G-99,H-99,I-99,J-99,K-99,L-99,M-99,N-99,O-99,P-99,Q-99,R-99,S-99,T-99,U-99,V-99,W-99,X-99,Y-99,Z-99
F:A-99,AA-99,B-99,C-99,D-99,E-99,F0,G-99,H-99,I-99,J-99,K-99,L-99,M-99,N-99,O-99,P-99,Q-99,R-99,S-99,T-99,U-99,V-99,W-99,X-99,Y-99,Z-99
G:A-99,AA-99,B-99,C-99,D-99,E-99,F-99,G0,H-99,I-99,J-99,K-99,L-99,M-99,N-99,O-99,P-99,Q-99,R-99,S-99,T-99,U-99,V-99,W-99,X-99,Y-99,Z-99
H:A-99,AA-99,B-99,C-99,D-99,E-99,F-99,G-99,H0,I-99,J-99,K-99,L-99,M-99,N-99,O-99,P-99,Q-99,R-99,S-99,T-99,U-99,V-99,W-99,X-99,Y-99,Z-99
I:A-99,AA-99,B-99,C-99,D-99,E-99,F-99,G-99,H-99,I0,J-99,K-99,L-99,M-99,N-99,O-99,P-99,Q-99,R-99,S-99,T-99,U-99,V-99,W-99,X-99,Y-99,Z-99
J:A-99,AA-99,B-99,C-99,D-99,E-99,F-99,G-99,H-99,I-99,J0,K-99,L-99,M-99,N-99,O-99,P-99,Q-99,R-99,S-99,T-99,U-99,V-99,W-99,X-99,Y-99,Z-99
K:A-99,AA-99,B-99,C-99,D-99,E-99,F-99,G-99,H-99,I-99,J-99,K0,L-99,M-99,N-99,O-99,P-99,Q-99,R-99,S-99,T-99,U-99,V-99,W-99,X-99,Y-99,Z-99
L:A-99,AA-99,B-99,C-99,D-99,E-99,F-99,G-99,H-99,I-99,J-99,K-99,L0,M-99,N-99,O-99,P-99,Q-99,R-99,S-99,T-99,U-99,V-99,W-99,X-99,Y-99,Z-99
M:A-99,AA-99,B-99,C-99,D-99,E-99,F-99,G-99,H-99,I-99,J-99,K-99,L-99,M0,N-99,O-99,P-99,Q-99,R-99,S-99,T-99,U-99,V-99,W-99,X-99,Y-99,Z-99
N:A-99,AA-99,B-99,C-99,D-99,E-99,F-99,G-99,H-99,I-99,J-99,K-99,L-99,M-99,N0,O-99,P-99,Q-99,R-99,S-99,T-99,U-99,V-99,W-99,X-99,Y-99,Z-99
O:A-99,AA-99,B-99,C-99,D-99,E-99,F-99,G-99,H-99,I-99,J-99,K-99,L-99,M-99,N-99,O0,P-99,Q-99,R-99,S-99,T-99,U-99,V-99,W-99,X-99,Y-99,Z-99
P:A-99,AA-99,B-99,C-99,D-99,E-99,F-99,G-99,H-99,I-99,J-99,K-99,L-99,M-99,N-99,O-99,P0,Q-99,R-99,S-99,T-99,U-99,V-99,W-99,X-99,Y-99,Z-99
Q:A-99,AA-99,B-99,C-99,D-99,E-99,F-99,G-99,H-99,I-99,J-99,K-99,L-99,M-99,N-99,O-99,P-99,Q0,R-99,S-99,T-99,U-99,V-99,W-99,X-99,Y-99,Z-99
R:A-99,AA-99,B-99,C-99,D-99,E-99,F-99,G-99,H-99,I-99,J-99,K-99,L-99,M-99,N-99,O-99,P-99,Q-99,R0,S-99,T-99,U-99,V-99,W-99,X-99,Y-99,Z-99
S:A-99,AA-99,B-99,C-99,D-99,E-99,F-99,G-99,H-99,I-99,J-99,K-99,L-99,M-99,N-99,O-99,P-99,Q-99,R-99,S0,T-99,U-99,V-99,W-99,X-99,Y-99,Z-99
T:A-99,AA-99,B-99,C-99,D-99,E-99,F-99,G-99,H-99,I-99,J-99,K-99,L-99,M-99,N-99,O-99,P-99,Q-99,R-99,S-99,T0,U-99,V-99,W-99,X-99,Y-99,Z-99
U:A-99,AA-99,B-99,C-99,D-99,E-99,F-99,G-99,H-99,I-99,J-99,K-99,L-99,M-99,N-99,O-99,P-99,Q-99,R-99,S-99,T-99,U0,V-99,W-99,X-99,Y-99,Z-99
V:A-99,AA-99,B-99,C-99,D-99,E-99,F-99,G-99,H-99,I-99,J-99,K-99,L-99,M-99,N-99,O-99,P-99,Q-99,R-99,S-99,T-99,U-99,V0,W-99,X-99,Y-99,Z-99
W:A-99,AA-99,B-99,C-99,D-99,E-99,F-99,G-99,H-99,I-99,J-99,K-99,L-99,M-99,N-99,O-99,P-99,Q-99,R-99,S-99,T-99,U-99,V-99,W0,X-99,Y-99,Z-99
X:A-99,AA-99,B-99,C-99,D-99,E-99,F-99,G-99,H-99,I-99,J-99,K-99,L-99,M-99,N-99,O-99,P-99,Q-99,R-99,S-99,T-99,U-99,V-99,W-99,X0,Y-99,Z-99
Y:A-99,AA-99,B-99,C-99,D-99,E-99,F-99,G-99,H-99,I-99,J-99,K-99,L-99,M-99,N-99,O-99,P-99,Q-99,R-99,S-99,T-99,U-99,V-99,W-99,X-99,Y0,Z-99
Z:A-99,AA-99,B-99,C-99,D-99,E-99,F-99,G-99,H-99,I-99,J-99,K-99,L-99,M-99,N-99,O-99,P-99,Q-99,R-99,S-99,T-99,U-99,V-99,W-99,X-99,Y-99,Z0
-----
